Start testing: Jan 26 01:37 EST
----------------------------------------------------------
1/1 Testing: qa_sqrt
1/1 Test: qa_sqrt
Command: "/bin/sh" "/home/wbarnhart/gr-gmuground/build/python/qa_sqrt_test.sh"
Directory: /home/wbarnhart/gr-gmuground/build/python
"qa_sqrt" start time: Jan 26 01:37 EST
Output:
----------------------------------------------------------
E
======================================================================
ERROR: test_001_t (__main__.qa_sqrt)
----------------------------------------------------------------------
Traceback (most recent call last):
  File "/home/wbarnhart/gr-gmuground/python/qa_sqrt.py", line 37, in test_001_t
    src = blocks.vector_source_f(src_data)
  File "/usr/lib/python2.7/dist-packages/gnuradio/blocks/blocks_swig1.py", line 2557, in make
    return _blocks_swig1.vector_source_f_make(*args, **kwargs)
TypeError: in method 'vector_source_f_make', argument 1 of type 'std::vector< float,std::allocator< float > > const &'

----------------------------------------------------------------------
Ran 1 test in 0.000s

FAILED (errors=1)
<end of output>
Test time =   0.22 sec
----------------------------------------------------------
Test Failed.
"qa_sqrt" end time: Jan 26 01:37 EST
"qa_sqrt" time elapsed: 00:00:00
----------------------------------------------------------

End testing: Jan 26 01:37 EST
